[0mGET / [32m200 [0m397.552 ms - 1834[0m
[0mGET / [32m200 [0m508.503 ms - 1834[0m
[0mGET / [32m200 [0m463.383 ms - 1834[0m
[0mGET /favicon.ico [33m404 [0m268.657 ms - 1514[0m
[0mGET / [32m200 [0m545.292 ms - 1834[0m
[0mGET / [32m200 [0m495.099 ms - 1834[0m
[0mGET / [32m200 [0m416.201 ms - 1834[0m
[0mGET / [32m200 [0m394.812 ms - 1834[0m
[0mGET /stylesheets/w3.css [32m200 [0m5.848 ms - 32897[0m
[0mGET /dashboard/signup [32m200 [0m274.409 ms - 4482[0m
[0mGET /stylesheets/w3.css [36m304 [0m1.779 ms - -[0m
[0mGET /javascripts/login.js [36m304 [0m0.539 ms - -[0m
[0mPOST /dashboard/user [33m404 [0m30.916 ms - 1550[0m
[0mPOST /dashboard/user [33m404 [0m14.413 ms - 1550[0m
[0mGET /dashboard/signup [32m200 [0m106.590 ms - 4482[0m
[0mGET /stylesheets/w3.css [36m304 [0m0.481 ms - -[0m
[0mGET /javascripts/login.js [36m304 [0m0.357 ms - -[0m
[0mGET / [32m200 [0m30.980 ms - 1834[0m
[0mGET /stylesheets/w3.css [36m304 [0m0.357 ms - -[0m
[0mGET /dashboard/signup [32m200 [0m108.320 ms - 4482[0m
[0mGET /stylesheets/w3.css [36m304 [0m0.403 ms - -[0m
[0mGET /javascripts/login.js [36m304 [0m0.502 ms - -[0m
[0mPOST /dashboard/user [33m404 [0m10.164 ms - 1550[0m
[0mGET /stylesheets/w3.css [36m304 [0m2.549 ms - -[0m
[0mPOST /dashboard/user [33m404 [0m7.710 ms - 1550[0m
[0mGET / [32m200 [0m30.640 ms - 1834[0m
[0mGET /stylesheets/w3.css [32m200 [0m1.145 ms - 32897[0m
[0mGET /dashboard/signup [32m200 [0m83.995 ms - 4482[0m
[0mGET /stylesheets/w3.css [32m200 [0m0.827 ms - 32897[0m
[0mGET /javascripts/login.js [32m200 [0m0.572 ms - 2980[0m
[0mPOST /user [32m200 [0m51.580 ms - 286[0m
[0mOPTIONS /user/authenticate [32m200 [0m2.268 ms - 24[0m
[0mGET / [32m200 [0m399.755 ms - 1834[0m
[0mGET /stylesheets/w3.css [32m200 [0m4.842 ms - 32897[0m
[0mGET /dashboard/login [32m200 [0m291.247 ms - 4481[0m
[0mGET /stylesheets/w3.css [32m200 [0m1.663 ms - 32897[0m
[0mGET /javascripts/login.js [32m200 [0m0.583 ms - 2980[0m
[0mOPTIONS /user/authenticate [32m200 [0m1.371 ms - 24[0m
